<?xml version="1.0" encoding="UTF-8"?>
<testsuite name="com.ciber13.calculator13.Calculator13ApplicationTests" tests="2" skipped="0" failures="0" errors="0" timestamp="2023-05-09T11:14:29" hostname="DEBDOCKER-13" time="1.599">
  <properties/>
  <testcase name="testSum()" classname="com.ciber13.calculator13.Calculator13ApplicationTests" time="1.575"/>
  <testcase name="contextLoads()" classname="com.ciber13.calculator13.Calculator13ApplicationTests" time="0.016"/>
  <system-out><![CDATA[13:14:20.592 [Test worker] DEBUG org.springframework.test.context.BootstrapUtils - Instantiating CacheAwareContextLoaderDelegate from class [org.springframework.test.context.cache.DefaultCacheAwareContextLoaderDelegate]
13:14:20.652 [Test worker] DEBUG org.springframework.test.context.BootstrapUtils - Instantiating BootstrapContext using constructor [public org.springframework.test.context.support.DefaultBootstrapContext(java.lang.Class,org.springframework.test.context.CacheAwareContextLoaderDelegate)]
13:14:20.825 [Test worker] DEBUG org.springframework.test.context.BootstrapUtils - Instantiating TestContextBootstrapper for test class [com.ciber13.calculator13.Calculator13ApplicationTests] from class [org.springframework.boot.test.context.SpringBootTestContextBootstrapper]
13:14:20.880 [Test worker] INFO org.springframework.boot.test.context.SpringBootTestContextBootstrapper - Neither @ContextConfiguration nor @ContextHierarchy found for test class [com.ciber13.calculator13.Calculator13ApplicationTests], using SpringBootContextLoader
13:14:20.899 [Test worker] DEBUG org.springframework.test.context.support.AbstractContextLoader - Did not detect default resource location for test class [com.ciber13.calculator13.Calculator13ApplicationTests]: class path resource [com/ciber13/calculator13/Calculator13ApplicationTests-context.xml] does not exist
13:14:20.904 [Test worker] DEBUG org.springframework.test.context.support.AbstractContextLoader - Did not detect default resource location for test class [com.ciber13.calculator13.Calculator13ApplicationTests]: class path resource [com/ciber13/calculator13/Calculator13ApplicationTestsContext.groovy] does not exist
13:14:20.905 [Test worker] INFO org.springframework.test.context.support.AbstractContextLoader - Could not detect default resource locations for test class [com.ciber13.calculator13.Calculator13ApplicationTests]: no resource found for suffixes {-context.xml, Context.groovy}.
13:14:20.907 [Test worker] INFO org.springframework.test.context.support.AnnotationConfigContextLoaderUtils - Could not detect default configuration classes for test class [com.ciber13.calculator13.Calculator13ApplicationTests]: Calculator13ApplicationTests does not declare any static, non-private, non-final, nested classes annotated with @Configuration.
13:14:21.074 [Test worker] DEBUG org.springframework.test.context.support.ActiveProfilesUtils - Could not find an 'annotation declaring class' for annotation type [org.springframework.test.context.ActiveProfiles] and class [com.ciber13.calculator13.Calculator13ApplicationTests]
13:14:21.351 [Test worker] DEBUG org.springframework.context.annotation.ClassPathScanningCandidateComponentProvider - Identified candidate component class: file [/home/administrador/calculator13/build/classes/java/main/com/ciber13/calculator13/Calculator13Application.class]
13:14:21.377 [Test worker] INFO org.springframework.boot.test.context.SpringBootTestContextBootstrapper - Found @SpringBootConfiguration com.ciber13.calculator13.Calculator13Application for test class com.ciber13.calculator13.Calculator13ApplicationTests
13:14:21.773 [Test worker] DEBUG org.springframework.boot.test.context.SpringBootTestContextBootstrapper - @TestExecutionListeners is not present for class [com.ciber13.calculator13.Calculator13ApplicationTests]: using defaults.
13:14:21.782 [Test worker] INFO org.springframework.boot.test.context.SpringBootTestContextBootstrapper - Loaded default TestExecutionListener class names from location [META-INF/spring.factories]: [org.springframework.boot.test.autoconfigure.restdocs.RestDocsTestExecutionListener, org.springframework.boot.test.autoconfigure.web.client.MockRestServiceServerResetTestExecutionListener, org.springframework.boot.test.autoconfigure.web.servlet.MockMvcPrintOnlyOnFailureTestExecutionListener, org.springframework.boot.test.autoconfigure.web.servlet.WebDriverTestExecutionListener, org.springframework.boot.test.autoconfigure.webservices.client.MockWebServiceServerTestExecutionListener, org.springframework.boot.test.mock.mockito.MockitoTestExecutionListener, org.springframework.boot.test.mock.mockito.ResetMocksTestExecutionListener, org.springframework.test.context.web.ServletTestExecutionListener, org.springframework.test.context.support.DirtiesContextBeforeModesTestExecutionListener, org.springframework.test.context.event.ApplicationEventsTestExecutionListener, org.springframework.test.context.support.DependencyInjectionTestExecutionListener, org.springframework.test.context.support.DirtiesContextTestExecutionListener, org.springframework.test.context.transaction.TransactionalTestExecutionListener, org.springframework.test.context.jdbc.SqlScriptsTestExecutionListener, org.springframework.test.context.event.EventPublishingTestExecutionListener]
13:14:21.866 [Test worker] DEBUG org.springframework.boot.test.context.SpringBootTestContextBootstrapper - Skipping candidate TestExecutionListener [org.springframework.test.context.transaction.TransactionalTestExecutionListener] due to a missing dependency. Specify custom listener classes or make the default listener classes and their required dependencies available. Offending class: [org/springframework/transaction/interceptor/TransactionAttributeSource]
13:14:21.868 [Test worker] DEBUG org.springframework.boot.test.context.SpringBootTestContextBootstrapper - Skipping candidate TestExecutionListener [org.springframework.test.context.jdbc.SqlScriptsTestExecutionListener] due to a missing dependency. Specify custom listener classes or make the default listener classes and their required dependencies available. Offending class: [org/springframework/transaction/interceptor/TransactionAttribute]
13:14:21.869 [Test worker] INFO org.springframework.boot.test.context.SpringBootTestContextBootstrapper - Using TestExecutionListeners: [org.springframework.test.context.web.ServletTestExecutionListener@4db60246, org.springframework.test.context.support.DirtiesContextBeforeModesTestExecutionListener@2152ab30, org.springframework.test.context.event.ApplicationEventsTestExecutionListener@3902bd2c, org.springframework.boot.test.mock.mockito.MockitoTestExecutionListener@7d32e714, org.springframework.boot.test.autoconfigure.SpringBootDependencyInjectionTestExecutionListener@eb6ec6, org.springframework.test.context.support.DirtiesContextTestExecutionListener@34d45ec0, org.springframework.test.context.event.EventPublishingTestExecutionListener@18137eab, org.springframework.boot.test.autoconfigure.restdocs.RestDocsTestExecutionListener@727320fa, org.springframework.boot.test.autoconfigure.web.client.MockRestServiceServerResetTestExecutionListener@2935fd2c, org.springframework.boot.test.autoconfigure.web.servlet.MockMvcPrintOnlyOnFailureTestExecutionListener@3f018494, org.springframework.boot.test.autoconfigure.web.servlet.WebDriverTestExecutionListener@3ce443f9, org.springframework.boot.test.autoconfigure.webservices.client.MockWebServiceServerTestExecutionListener@57fbc06f, org.springframework.boot.test.mock.mockito.ResetMocksTestExecutionListener@51a18b21]
13:14:21.891 [Test worker] DEBUG org.springframework.test.context.support.AbstractDirtiesContextTestExecutionListener - Before test class: context [DefaultTestContext@9b76b60 testClass = Calculator13ApplicationTests, testInstance = [null], testMethod = [null], testException = [null], mergedContextConfiguration = [WebMergedContextConfiguration@3fb9a67f testClass = Calculator13ApplicationTests, locations = '{}', classes = '{class com.ciber13.calculator13.Calculator13Application}', contextInitializerClasses = '[]', activeProfiles = '{}', propertySourceLocations = '{}', propertySourceProperties = '{org.springframework.boot.test.context.SpringBootTestContextBootstrapper=true}', contextCustomizers = set[org.springframework.boot.test.autoconfigure.actuate.metrics.MetricsExportContextCustomizerFactory$DisableMetricExportContextCustomizer@f4cfd90, org.springframework.boot.test.autoconfigure.properties.PropertyMappingContextCustomizer@0, org.springframework.boot.test.autoconfigure.web.servlet.WebDriverContextCustomizerFactory$Customizer@21f8e55f, org.springframework.boot.test.context.filter.ExcludeFilterContextCustomizer@309028af, org.springframework.boot.test.json.DuplicateJsonObjectContextCustomizerFactory$DuplicateJsonObjectContextCustomizer@2f1ea80d, org.springframework.boot.test.mock.mockito.MockitoContextCustomizer@0, org.springframework.boot.test.web.client.TestRestTemplateContextCustomizer@3bec2275, org.springframework.boot.test.context.SpringBootTestArgs@1, org.springframework.boot.test.context.SpringBootTestWebEnvironment@6111ba37], resourceBasePath = 'src/main/webapp', contextLoader = 'org.springframework.boot.test.context.SpringBootContextLoader', parent = [null]], attributes = map['org.springframework.test.context.web.ServletTestExecutionListener.activateListener' -> true]], class annotated with @DirtiesContext [false] with mode [null].

  .   ____          _            __ _ _
 /\\ / ___'_ __ _ _(_)_ __  __ _ \ \ \ \
( ( )\___ | '_ | '_| | '_ \/ _` | \ \ \ \
 \\/  ___)| |_)| | | | | || (_| |  ) ) ) )
  '  |____| .__|_| |_|_| |_\__, | / / / /
 =========|_|==============|___/=/_/_/_/
 :: Spring Boot ::               (v2.7.11)

2023-05-09 13:14:23.073  INFO 34888 --- [    Test worker] c.c.c.Calculator13ApplicationTests       : Starting Calculator13ApplicationTests using Java 17.0.6 on DEBDOCKER-13 with PID 34888 (started by administrador in /home/administrador/calculator13)
2023-05-09 13:14:23.079  INFO 34888 --- [    Test worker] c.c.c.Calculator13ApplicationTests       : No active profile set, falling back to 1 default profile: "default"
2023-05-09 13:14:29.177  INFO 34888 --- [    Test worker] c.c.c.Calculator13ApplicationTests       : Started Calculator13ApplicationTests in 7.131 seconds (JVM running for 11.739)
]]></system-out>
  <system-err><![CDATA[]]></system-err>
</testsuite>
